Command line invocation:
    /Applications/Xcode.app/Contents/Developer/usr/bin/xcodebuild -project "/Users/ochu/Desktop/remote/MyRemoteHost iphone/MyRemoteHost iphone.xcodeproj" -scheme "MyRemoteHost iphone" -destination generic/platform=iOS build

2026-01-26 22:08:23.931 xcodebuild[49443:2625151] [MT] IDERunDestination: Supported platforms for the buildables in the current scheme is empty.
ComputePackagePrebuildTargetDependencyGraph

Prepare packages

CreateBuildRequest

SendProjectDescription

CreateBuildOperation

ComputeTargetDependencyGraph
note: Building targets in dependency order
note: Target dependency graph (1 target)
    Target 'MyRemoteHost iphone' in project 'MyRemoteHost iphone' (no dependencies)

GatherProvisioningInputs

CreateBuildDescription

ExecuteExternalTool /Applications/Xcode.app/Contents/Developer/Toolchains/XcodeDefault.xctoolchain/usr/bin/clang -v -E -dM -isysroot /Applications/Xcode.app/Contents/Developer/Platforms/iPhoneOS.platform/Developer/SDKs/iPhoneOS26.1.sdk -x c -c /dev/null

ExecuteExternalTool /Applications/Xcode.app/Contents/Developer/usr/bin/actool --print-asset-tag-combinations --output-format xml1 /Users/ochu/Desktop/remote/MyRemoteHost iphone/MyRemoteHost iphone/Assets.xcassets

ExecuteExternalTool /Applications/Xcode.app/Contents/Developer/usr/bin/actool --version --output-format xml1

ExecuteExternalTool /Applications/Xcode.app/Contents/Developer/Toolchains/XcodeDefault.xctoolchain/usr/bin/swiftc --version

ExecuteExternalTool /Applications/Xcode.app/Contents/Developer/Toolchains/XcodeDefault.xctoolchain/usr/bin/ld -version_details

Build description signature: 6270eac572a203f4b2b2c8934b6a05e6
Build description path: /Users/ochu/Library/Developer/Xcode/DerivedData/MyRemoteHost_iphone-fwoismbelbzdoqdmytaxgopxriab/Build/Intermediates.noindex/XCBuildData/6270eac572a203f4b2b2c8934b6a05e6.xcbuilddata
ClangStatCache /Applications/Xcode.app/Contents/Developer/Toolchains/XcodeDefault.xctoolchain/usr/bin/clang-stat-cache /Applications/Xcode.app/Contents/Developer/Platforms/iPhoneOS.platform/Developer/SDKs/iPhoneOS26.1.sdk /Users/ochu/Library/Developer/Xcode/DerivedData/SDKStatCaches.noindex/iphoneos26.1-23B77-3885c01c3e6b6a337905948deab2002e69b33fc7382b27d9b5d46e82a00f8e78.sdkstatcache
    cd /Users/ochu/Desktop/remote/MyRemoteHost\ iphone/MyRemoteHost\ iphone.xcodeproj
    /Applications/Xcode.app/Contents/Developer/Toolchains/XcodeDefault.xctoolchain/usr/bin/clang-stat-cache /Applications/Xcode.app/Contents/Developer/Platforms/iPhoneOS.platform/Developer/SDKs/iPhoneOS26.1.sdk -o /Users/ochu/Library/Developer/Xcode/DerivedData/SDKStatCaches.noindex/iphoneos26.1-23B77-3885c01c3e6b6a337905948deab2002e69b33fc7382b27d9b5d46e82a00f8e78.sdkstatcache

ProcessInfoPlistFile /Users/ochu/Library/Developer/Xcode/DerivedData/MyRemoteHost_iphone-fwoismbelbzdoqdmytaxgopxriab/Build/Products/Debug-iphoneos/MyRemoteHost\ iphone.app/Info.plist /Users/ochu/Library/Developer/Xcode/DerivedData/MyRemoteHost_iphone-fwoismbelbzdoqdmytaxgopxriab/Build/Intermediates.noindex/MyRemoteHost\ iphone.build/Debug-iphoneos/MyRemoteHost\ iphone.build/empty-MyRemoteHost\ iphone.plist (in target 'MyRemoteHost iphone' from project 'MyRemoteHost iphone')
    cd /Users/ochu/Desktop/remote/MyRemoteHost\ iphone
    builtin-infoPlistUtility /Users/ochu/Library/Developer/Xcode/DerivedData/MyRemoteHost_iphone-fwoismbelbzdoqdmytaxgopxriab/Build/Intermediates.noindex/MyRemoteHost\ iphone.build/Debug-iphoneos/MyRemoteHost\ iphone.build/empty-MyRemoteHost\ iphone.plist -producttype com.apple.product-type.application -genpkginfo /Users/ochu/Library/Developer/Xcode/DerivedData/MyRemoteHost_iphone-fwoismbelbzdoqdmytaxgopxriab/Build/Products/Debug-iphoneos/MyRemoteHost\ iphone.app/PkgInfo -expandbuildsettings -format binary -platform iphoneos -additionalcontentfile /Users/ochu/Library/Developer/Xcode/DerivedData/MyRemoteHost_iphone-fwoismbelbzdoqdmytaxgopxriab/Build/Intermediates.noindex/MyRemoteHost\ iphone.build/Debug-iphoneos/MyRemoteHost\ iphone.build/assetcatalog_generated_info.plist -requiredArchitecture arm64 -o /Users/ochu/Library/Developer/Xcode/DerivedData/MyRemoteHost_iphone-fwoismbelbzdoqdmytaxgopxriab/Build/Products/Debug-iphoneos/MyRemoteHost\ iphone.app/Info.plist

CopySwiftLibs /Users/ochu/Library/Developer/Xcode/DerivedData/MyRemoteHost_iphone-fwoismbelbzdoqdmytaxgopxriab/Build/Products/Debug-iphoneos/MyRemoteHost\ iphone.app (in target 'MyRemoteHost iphone' from project 'MyRemoteHost iphone')
    cd /Users/ochu/Desktop/remote/MyRemoteHost\ iphone
    builtin-swiftStdLibTool --copy --verbose --sign 058AD5249E7C0D4E0E5CF457EB9248A3E2BA3DC5 --scan-executable /Users/ochu/Library/Developer/Xcode/DerivedData/MyRemoteHost_iphone-fwoismbelbzdoqdmytaxgopxriab/Build/Products/Debug-iphoneos/MyRemoteHost\ iphone.app/MyRemoteHost\ iphone.debug.dylib --scan-folder /Users/ochu/Library/Developer/Xcode/DerivedData/MyRemoteHost_iphone-fwoismbelbzdoqdmytaxgopxriab/Build/Products/Debug-iphoneos/MyRemoteHost\ iphone.app/Frameworks --scan-folder /Users/ochu/Library/Developer/Xcode/DerivedData/MyRemoteHost_iphone-fwoismbelbzdoqdmytaxgopxriab/Build/Products/Debug-iphoneos/MyRemoteHost\ iphone.app/PlugIns --scan-folder /Users/ochu/Library/Developer/Xcode/DerivedData/MyRemoteHost_iphone-fwoismbelbzdoqdmytaxgopxriab/Build/Products/Debug-iphoneos/MyRemoteHost\ iphone.app/SystemExtensions --scan-folder /Users/ochu/Library/Developer/Xcode/DerivedData/MyRemoteHost_iphone-fwoismbelbzdoqdmytaxgopxriab/Build/Products/Debug-iphoneos/MyRemoteHost\ iphone.app/Extensions --platform iphoneos --toolchain /var/run/com.apple.security.cryptexd/mnt/com.apple.MobileAsset.MetalToolchain-v17.2.54.0.Ji04XU/Metal.xctoolchain --toolchain /Applications/Xcode.app/Contents/Developer/Toolchains/XcodeDefault.xctoolchain --destination /Users/ochu/Library/Developer/Xcode/DerivedData/MyRemoteHost_iphone-fwoismbelbzdoqdmytaxgopxriab/Build/Products/Debug-iphoneos/MyRemoteHost\ iphone.app/Frameworks --strip-bitcode --strip-bitcode-tool /Applications/Xcode.app/Contents/Developer/Toolchains/XcodeDefault.xctoolchain/usr/bin/bitcode_strip --emit-dependency-info /Users/ochu/Library/Developer/Xcode/DerivedData/MyRemoteHost_iphone-fwoismbelbzdoqdmytaxgopxriab/Build/Intermediates.noindex/MyRemoteHost\ iphone.build/Debug-iphoneos/MyRemoteHost\ iphone.build/SwiftStdLibToolInputDependencies.dep --filter-for-swift-os --back-deploy-swift-span

** BUILD SUCCEEDED **

